<?xml version="1.0" encoding="UTF-8"?>
<!-- Generated by org.testng.reporters.JUnitReportReporter -->
<testsuite skipped="0" hostname="CSs-MacBook-Pro.local" name="Myrunner.TestRunner" tests="1" failures="0" timestamp="2022-07-26T21:50:17 IST" time="56.838" errors="0">
  <testcase name="feature" time="56.838" classname="Myrunner.TestRunner"/>
  <system-out/>
</testsuite> <!-- Myrunner.TestRunner -->
